0 info it worked if it ends with ok
1 verbose cli [ '/Users/scm/.nvm/versions/node/v6.10.2/bin/node',
1 verbose cli   '/Users/scm/.nvm/versions/node/v6.10.2/bin/npm',
1 verbose cli   'run',
1 verbose cli   'open:src' ]
2 info using npm@3.10.10
3 info using node@v6.10.2
4 verbose run-script [ 'preopen:src', 'open:src', 'postopen:src' ]
5 info lifecycle nagual-web@1.0.0~preopen:src: nagual-web@1.0.0
6 silly lifecycle nagual-web@1.0.0~preopen:src: no script for preopen:src, continuing
7 info lifecycle nagual-web@1.0.0~open:src: nagual-web@1.0.0
8 verbose lifecycle nagual-web@1.0.0~open:src: unsafe-perm in lifecycle true
9 verbose lifecycle nagual-web@1.0.0~open:src: PATH: /Users/scm/.nvm/versions/node/v6.10.2/lib/node_modules/npm/bin/node-gyp-bin:/Users/scm/Documents/sawyer-2017/nagual/website-nagual/node_modules/.bin:/Library/Frameworks/Python.framework/Versions/3.5/bin:/Users/scm/Documents/aem/vault-cli-2.4.40/bin:/Users/scm/Documents/tools/apache-maven-3.3.9/bin:/Users/scm/.dnx/runtimes/dnx-mono.1.0.0-rc1-update2/bin:/Users/scm/.nvm/versions/node/v6.10.2/bin:/Library/Frameworks/Python.framework/Versions/2.7/bin:/Users/scm/Library/Android/sdk/build-tools/:/Users/scm/Library/Android/sdk/tools/:/Users/scm/Library/Android/sdk/build-tools/23.0.3/:/usr/local/bin:/usr/bin:/bin:/usr/sbin:/sbin:/Users/scm/Library/Android/sdk/platform-tools:/Library/Frameworks/Python.framework/Versions/3.5/bin:/Users/scm/Documents/aem/vault-cli-2.4.40/bin:/Users/scm/Documents/tools/apache-maven-3.3.9/bin:/Users/scm/.dnx/bin:/Library/Frameworks/Python.framework/Versions/2.7/bin:/Users/scm/Library/Android/sdk/build-tools/:/Users/scm/Library/Android/sdk/tools/:/Users/scm/Library/Android/sdk/build-tools/23.0.3/
10 verbose lifecycle nagual-web@1.0.0~open:src: CWD: /Users/scm/Documents/sawyer-2017/nagual/website-nagual
11 silly lifecycle nagual-web@1.0.0~open:src: Args: [ '-c', 'babel-node buildScripts/dev-server.js' ]
12 silly lifecycle nagual-web@1.0.0~open:src: Returned: code: 1  signal: null
13 info lifecycle nagual-web@1.0.0~open:src: Failed to exec open:src script
14 verbose stack Error: nagual-web@1.0.0 open:src: `babel-node buildScripts/dev-server.js`
14 verbose stack Exit status 1
14 verbose stack     at EventEmitter.<anonymous> (/Users/scm/.nvm/versions/node/v6.10.2/lib/node_modules/npm/lib/utils/lifecycle.js:255:16)
14 verbose stack     at emitTwo (events.js:106:13)
14 verbose stack     at EventEmitter.emit (events.js:191:7)
14 verbose stack     at ChildProcess.<anonymous> (/Users/scm/.nvm/versions/node/v6.10.2/lib/node_modules/npm/lib/utils/spawn.js:40:14)
14 verbose stack     at emitTwo (events.js:106:13)
14 verbose stack     at ChildProcess.emit (events.js:191:7)
14 verbose stack     at maybeClose (internal/child_process.js:886:16)
14 verbose stack     at Process.ChildProcess._handle.onexit (internal/child_process.js:226:5)
15 verbose pkgid nagual-web@1.0.0
16 verbose cwd /Users/scm/Documents/sawyer-2017/nagual/website-nagual
17 error Darwin 15.5.0
18 error argv "/Users/scm/.nvm/versions/node/v6.10.2/bin/node" "/Users/scm/.nvm/versions/node/v6.10.2/bin/npm" "run" "open:src"
19 error node v6.10.2
20 error npm  v3.10.10
21 error code ELIFECYCLE
22 error nagual-web@1.0.0 open:src: `babel-node buildScripts/dev-server.js`
22 error Exit status 1
23 error Failed at the nagual-web@1.0.0 open:src script 'babel-node buildScripts/dev-server.js'.
23 error Make sure you have the latest version of node.js and npm installed.
23 error If you do, this is most likely a problem with the nagual-web package,
23 error not with npm itself.
23 error Tell the author that this fails on your system:
23 error     babel-node buildScripts/dev-server.js
23 error You can get information on how to open an issue for this project with:
23 error     npm bugs nagual-web
23 error Or if that isn't available, you can get their info via:
23 error     npm owner ls nagual-web
23 error There is likely additional logging output above.
24 verbose exit [ 1, true ]
